2016-02-03 14:57:00 Notice: Notice (1024): Please change the value of 'Security.salt' in ROOT/config/app.php to a salt value specific to your application. in [/var/www/vendor/cakephp/cakephp/src/Error/Debugger.php, line 791]
Trace:
Cake\Error\BaseErrorHandler::handleError() - CORE/src/Error/BaseErrorHandler.php, line 147
Cake\Error\Debugger::checkSecurityKeys() - CORE/src/Error/Debugger.php, line 791
include - APP/Template/Pages/home.ctp, line 55
Cake\View\View::_evaluate() - CORE/src/View/View.php, line 992
Cake\View\View::_render() - CORE/src/View/View.php, line 952
Cake\View\View::render() - CORE/src/View/View.php, line 587
Cake\Controller\Controller::render() - CORE/src/Controller/Controller.php, line 612
App\Controller\PagesController::display() - APP/Controller/PagesController.php, line 57
Cake\Controller\Controller::invokeAction() - CORE/src/Controller/Controller.php, line 430
Cake\Routing\Dispatcher::_invoke() - CORE/src/Routing/Dispatcher.php, line 114
Cake\Routing\Dispatcher::dispatch() - CORE/src/Routing/Dispatcher.php, line 87
[main] - ROOT/webroot/index.php, line 37



2016-02-03 15:13:14 Notice: Notice (1024): Please change the value of 'Security.salt' in ROOT/config/app.php to a salt value specific to your application. in [/var/www/vendor/cakephp/cakephp/src/Error/Debugger.php, line 791]
Trace:
Cake\Error\BaseErrorHandler::handleError() - CORE/src/Error/BaseErrorHandler.php, line 147
Cake\Error\Debugger::checkSecurityKeys() - CORE/src/Error/Debugger.php, line 791
include - APP/Template/Pages/home.ctp, line 55
Cake\View\View::_evaluate() - CORE/src/View/View.php, line 992
Cake\View\View::_render() - CORE/src/View/View.php, line 952
Cake\View\View::render() - CORE/src/View/View.php, line 587
Cake\Controller\Controller::render() - CORE/src/Controller/Controller.php, line 612
App\Controller\PagesController::display() - APP/Controller/PagesController.php, line 57
Cake\Controller\Controller::invokeAction() - CORE/src/Controller/Controller.php, line 430
Cake\Routing\Dispatcher::_invoke() - CORE/src/Routing/Dispatcher.php, line 114
Cake\Routing\Dispatcher::dispatch() - CORE/src/Routing/Dispatcher.php, line 87
[main] - ROOT/webroot/index.php, line 37



2016-02-03 18:12:46 Notice: Notice (8): Undefined variable: path in [/var/www/src/Controller/PagesController.php, line 40]
Trace:
Cake\Error\BaseErrorHandler::handleError() - CORE/src/Error/BaseErrorHandler.php, line 147
App\Controller\PagesController::display() - APP/Controller/PagesController.php, line 40
Cake\Controller\Controller::invokeAction() - CORE/src/Controller/Controller.php, line 430
Cake\Routing\Dispatcher::_invoke() - CORE/src/Routing/Dispatcher.php, line 114
Cake\Routing\Dispatcher::dispatch() - CORE/src/Routing/Dispatcher.php, line 87
[main] - ROOT/webroot/index.php, line 37



2016-02-03 18:12:50 Notice: Notice (8): Undefined variable: path in [/var/www/src/Controller/PagesController.php, line 40]
Trace:
Cake\Error\BaseErrorHandler::handleError() - CORE/src/Error/BaseErrorHandler.php, line 147
App\Controller\PagesController::display() - APP/Controller/PagesController.php, line 40
Cake\Controller\Controller::invokeAction() - CORE/src/Controller/Controller.php, line 430
Cake\Routing\Dispatcher::_invoke() - CORE/src/Routing/Dispatcher.php, line 114
Cake\Routing\Dispatcher::dispatch() - CORE/src/Routing/Dispatcher.php, line 87
[main] - ROOT/webroot/index.php, line 37



2016-02-03 18:13:00 Notice: Notice (8): Undefined variable: path in [/var/www/src/Controller/PagesController.php, line 40]
Trace:
Cake\Error\BaseErrorHandler::handleError() - CORE/src/Error/BaseErrorHandler.php, line 147
App\Controller\PagesController::display() - APP/Controller/PagesController.php, line 40
Cake\Controller\Controller::invokeAction() - CORE/src/Controller/Controller.php, line 430
Cake\Routing\Dispatcher::_invoke() - CORE/src/Routing/Dispatcher.php, line 114
Cake\Routing\Dispatcher::dispatch() - CORE/src/Routing/Dispatcher.php, line 87
[main] - ROOT/webroot/index.php, line 37



2016-02-03 18:26:34 Notice: Notice (8): Undefined index: argv in [/var/www/psysh, line 34]
Trace:
Cake\Error\BaseErrorHandler::handleError() - CORE/src/Error/BaseErrorHandler.php, line 147
{closure} - ROOT/psysh, line 34
call_user_func - [internal], line ??
require - ROOT/psysh, line 95
include - APP/Controller/PagesController.php, line 20
Composer\Autoload\includeFile - ROOT/vendor/composer/ClassLoader.php, line 412
Composer\Autoload\ClassLoader::loadClass() - ROOT/vendor/composer/ClassLoader.php, line 301
spl_autoload_call - [internal], line ??
class_exists - [internal], line ??
Cake\Core\App::_classExistsInBase() - CORE/src/Core/App.php, line 87
Cake\Core\App::className() - CORE/src/Core/App.php, line 64
Cake\Routing\Filter\ControllerFactoryFilter::_getController() - CORE/src/Routing/Filter/ControllerFactoryFilter.php, line 91
Cake\Routing\Filter\ControllerFactoryFilter::beforeDispatch() - CORE/src/Routing/Filter/ControllerFactoryFilter.php, line 51
Cake\Routing\DispatcherFilter::handle() - CORE/src/Routing/DispatcherFilter.php, line 145
Cake\Event\EventManager::_callListener() - CORE/src/Event/EventManager.php, line 389
Cake\Event\EventManager::dispatch() - CORE/src/Event/EventManager.php, line 355
Cake\Routing\Dispatcher::dispatchEvent() - CORE/src/Event/EventDispatcherTrait.php, line 78
Cake\Routing\Dispatcher::dispatch() - CORE/src/Routing/Dispatcher.php, line 62
[main] - ROOT/webroot/index.php, line 37



2016-02-03 18:27:20 Notice: Notice (8): Undefined index: argv in [/var/www/psysh, line 34]
Trace:
Cake\Error\BaseErrorHandler::handleError() - CORE/src/Error/BaseErrorHandler.php, line 147
{closure} - ROOT/psysh, line 34
call_user_func - [internal], line ??
require - ROOT/psysh, line 95
include - APP/Controller/PagesController.php, line 20
Composer\Autoload\includeFile - ROOT/vendor/composer/ClassLoader.php, line 412
Composer\Autoload\ClassLoader::loadClass() - ROOT/vendor/composer/ClassLoader.php, line 301
spl_autoload_call - [internal], line ??
class_exists - [internal], line ??
Cake\Core\App::_classExistsInBase() - CORE/src/Core/App.php, line 87
Cake\Core\App::className() - CORE/src/Core/App.php, line 64
Cake\Routing\Filter\ControllerFactoryFilter::_getController() - CORE/src/Routing/Filter/ControllerFactoryFilter.php, line 91
Cake\Routing\Filter\ControllerFactoryFilter::beforeDispatch() - CORE/src/Routing/Filter/ControllerFactoryFilter.php, line 51
Cake\Routing\DispatcherFilter::handle() - CORE/src/Routing/DispatcherFilter.php, line 145
Cake\Event\EventManager::_callListener() - CORE/src/Event/EventManager.php, line 389
Cake\Event\EventManager::dispatch() - CORE/src/Event/EventManager.php, line 355
Cake\Routing\Dispatcher::dispatchEvent() - CORE/src/Event/EventDispatcherTrait.php, line 78
Cake\Routing\Dispatcher::dispatch() - CORE/src/Routing/Dispatcher.php, line 62
[main] - ROOT/webroot/index.php, line 37



2016-02-03 18:31:09 Notice: Notice (8): Undefined index: argv in [/var/www/psysh, line 34]
Trace:
Cake\Error\BaseErrorHandler::handleError() - CORE/src/Error/BaseErrorHandler.php, line 147
{closure} - ROOT/psysh, line 34
call_user_func - [internal], line ??
require - ROOT/psysh, line 95
include - APP/Controller/PagesController.php, line 20
Composer\Autoload\includeFile - ROOT/vendor/composer/ClassLoader.php, line 412
Composer\Autoload\ClassLoader::loadClass() - ROOT/vendor/composer/ClassLoader.php, line 301
spl_autoload_call - [internal], line ??
class_exists - [internal], line ??
Cake\Core\App::_classExistsInBase() - CORE/src/Core/App.php, line 87
Cake\Core\App::className() - CORE/src/Core/App.php, line 64
Cake\Routing\Filter\ControllerFactoryFilter::_getController() - CORE/src/Routing/Filter/ControllerFactoryFilter.php, line 91
Cake\Routing\Filter\ControllerFactoryFilter::beforeDispatch() - CORE/src/Routing/Filter/ControllerFactoryFilter.php, line 51
Cake\Routing\DispatcherFilter::handle() - CORE/src/Routing/DispatcherFilter.php, line 145
Cake\Event\EventManager::_callListener() - CORE/src/Event/EventManager.php, line 389
Cake\Event\EventManager::dispatch() - CORE/src/Event/EventManager.php, line 355
Cake\Routing\Dispatcher::dispatchEvent() - CORE/src/Event/EventDispatcherTrait.php, line 78
Cake\Routing\Dispatcher::dispatch() - CORE/src/Routing/Dispatcher.php, line 62
[main] - ROOT/webroot/index.php, line 37



2016-02-03 18:31:30 Notice: Notice (8): Undefined index: argv in [/var/www/psysh, line 34]
Trace:
Cake\Error\BaseErrorHandler::handleError() - CORE/src/Error/BaseErrorHandler.php, line 147
{closure} - ROOT/psysh, line 34
call_user_func - [internal], line ??
require - ROOT/psysh, line 95
include - APP/Controller/PagesController.php, line 20
Composer\Autoload\includeFile - ROOT/vendor/composer/ClassLoader.php, line 412
Composer\Autoload\ClassLoader::loadClass() - ROOT/vendor/composer/ClassLoader.php, line 301
spl_autoload_call - [internal], line ??
class_exists - [internal], line ??
Cake\Core\App::_classExistsInBase() - CORE/src/Core/App.php, line 87
Cake\Core\App::className() - CORE/src/Core/App.php, line 64
Cake\Routing\Filter\ControllerFactoryFilter::_getController() - CORE/src/Routing/Filter/ControllerFactoryFilter.php, line 91
Cake\Routing\Filter\ControllerFactoryFilter::beforeDispatch() - CORE/src/Routing/Filter/ControllerFactoryFilter.php, line 51
Cake\Routing\DispatcherFilter::handle() - CORE/src/Routing/DispatcherFilter.php, line 145
Cake\Event\EventManager::_callListener() - CORE/src/Event/EventManager.php, line 389
Cake\Event\EventManager::dispatch() - CORE/src/Event/EventManager.php, line 355
Cake\Routing\Dispatcher::dispatchEvent() - CORE/src/Event/EventDispatcherTrait.php, line 78
Cake\Routing\Dispatcher::dispatch() - CORE/src/Routing/Dispatcher.php, line 62
[main] - ROOT/webroot/index.php, line 37



2016-02-03 18:31:31 Notice: Notice (8): Undefined index: argv in [/var/www/psysh, line 34]
Trace:
Cake\Error\BaseErrorHandler::handleError() - CORE/src/Error/BaseErrorHandler.php, line 147
{closure} - ROOT/psysh, line 34
call_user_func - [internal], line ??
require - ROOT/psysh, line 95
include - APP/Controller/PagesController.php, line 20
Composer\Autoload\includeFile - ROOT/vendor/composer/ClassLoader.php, line 412
Composer\Autoload\ClassLoader::loadClass() - ROOT/vendor/composer/ClassLoader.php, line 301
spl_autoload_call - [internal], line ??
class_exists - [internal], line ??
Cake\Core\App::_classExistsInBase() - CORE/src/Core/App.php, line 87
Cake\Core\App::className() - CORE/src/Core/App.php, line 64
Cake\Routing\Filter\ControllerFactoryFilter::_getController() - CORE/src/Routing/Filter/ControllerFactoryFilter.php, line 91
Cake\Routing\Filter\ControllerFactoryFilter::beforeDispatch() - CORE/src/Routing/Filter/ControllerFactoryFilter.php, line 51
Cake\Routing\DispatcherFilter::handle() - CORE/src/Routing/DispatcherFilter.php, line 145
Cake\Event\EventManager::_callListener() - CORE/src/Event/EventManager.php, line 389
Cake\Event\EventManager::dispatch() - CORE/src/Event/EventManager.php, line 355
Cake\Routing\Dispatcher::dispatchEvent() - CORE/src/Event/EventDispatcherTrait.php, line 78
Cake\Routing\Dispatcher::dispatch() - CORE/src/Routing/Dispatcher.php, line 62
[main] - ROOT/webroot/index.php, line 37



2016-02-03 18:31:31 Notice: Notice (8): Undefined index: argv in [/var/www/psysh, line 34]
Trace:
Cake\Error\BaseErrorHandler::handleError() - CORE/src/Error/BaseErrorHandler.php, line 147
{closure} - ROOT/psysh, line 34
call_user_func - [internal], line ??
require - ROOT/psysh, line 95
include - APP/Controller/PagesController.php, line 20
Composer\Autoload\includeFile - ROOT/vendor/composer/ClassLoader.php, line 412
Composer\Autoload\ClassLoader::loadClass() - ROOT/vendor/composer/ClassLoader.php, line 301
spl_autoload_call - [internal], line ??
class_exists - [internal], line ??
Cake\Core\App::_classExistsInBase() - CORE/src/Core/App.php, line 87
Cake\Core\App::className() - CORE/src/Core/App.php, line 64
Cake\Routing\Filter\ControllerFactoryFilter::_getController() - CORE/src/Routing/Filter/ControllerFactoryFilter.php, line 91
Cake\Routing\Filter\ControllerFactoryFilter::beforeDispatch() - CORE/src/Routing/Filter/ControllerFactoryFilter.php, line 51
Cake\Routing\DispatcherFilter::handle() - CORE/src/Routing/DispatcherFilter.php, line 145
Cake\Event\EventManager::_callListener() - CORE/src/Event/EventManager.php, line 389
Cake\Event\EventManager::dispatch() - CORE/src/Event/EventManager.php, line 355
Cake\Routing\Dispatcher::dispatchEvent() - CORE/src/Event/EventDispatcherTrait.php, line 78
Cake\Routing\Dispatcher::dispatch() - CORE/src/Routing/Dispatcher.php, line 62
[main] - ROOT/webroot/index.php, line 37



2016-02-03 21:08:20 Notice: Notice (8): Undefined variable: bookmarks in [/var/www/src/Template/Bookmarks/index.ctp, line 25]
Trace:
Cake\Error\BaseErrorHandler::handleError() - CORE/src/Error/BaseErrorHandler.php, line 147
include - APP/Template/Bookmarks/index.ctp, line 25
Cake\View\View::_evaluate() - CORE/src/View/View.php, line 992
Cake\View\View::_render() - CORE/src/View/View.php, line 952
Cake\View\View::render() - CORE/src/View/View.php, line 587
Cake\Controller\Controller::render() - CORE/src/Controller/Controller.php, line 612
Cake\Routing\Dispatcher::_invoke() - CORE/src/Routing/Dispatcher.php, line 120
Cake\Routing\Dispatcher::dispatch() - CORE/src/Routing/Dispatcher.php, line 87
[main] - ROOT/webroot/index.php, line 37



2016-02-03 21:08:20 Notice: Notice (8): Undefined index: pageCount in [/var/www/vendor/cakephp/cakephp/src/View/Helper/PaginatorHelper.php, line 670]
Trace:
Cake\Error\BaseErrorHandler::handleError() - CORE/src/Error/BaseErrorHandler.php, line 147
Cake\View\Helper\PaginatorHelper::numbers() - CORE/src/View/Helper/PaginatorHelper.php, line 670
include - APP/Template/Bookmarks/index.ctp, line 44
Cake\View\View::_evaluate() - CORE/src/View/View.php, line 992
Cake\View\View::_render() - CORE/src/View/View.php, line 952
Cake\View\View::render() - CORE/src/View/View.php, line 587
Cake\Controller\Controller::render() - CORE/src/Controller/Controller.php, line 612
Cake\Routing\Dispatcher::_invoke() - CORE/src/Routing/Dispatcher.php, line 120
Cake\Routing\Dispatcher::dispatch() - CORE/src/Routing/Dispatcher.php, line 87
[main] - ROOT/webroot/index.php, line 37



2016-02-03 21:08:20 Notice: Notice (8): Undefined index: pageCount in [/var/www/vendor/cakephp/cakephp/src/View/Helper/PaginatorHelper.php, line 589]
Trace:
Cake\Error\BaseErrorHandler::handleError() - CORE/src/Error/BaseErrorHandler.php, line 147
Cake\View\Helper\PaginatorHelper::counter() - CORE/src/View/Helper/PaginatorHelper.php, line 589
include - APP/Template/Bookmarks/index.ctp, line 47
Cake\View\View::_evaluate() - CORE/src/View/View.php, line 992
Cake\View\View::_render() - CORE/src/View/View.php, line 952
Cake\View\View::render() - CORE/src/View/View.php, line 587
Cake\Controller\Controller::render() - CORE/src/Controller/Controller.php, line 612
Cake\Routing\Dispatcher::_invoke() - CORE/src/Routing/Dispatcher.php, line 120
Cake\Routing\Dispatcher::dispatch() - CORE/src/Routing/Dispatcher.php, line 87
[main] - ROOT/webroot/index.php, line 37



2016-02-03 21:08:20 Notice: Notice (8): Undefined index: count in [/var/www/vendor/cakephp/cakephp/src/View/Helper/PaginatorHelper.php, line 593]
Trace:
Cake\Error\BaseErrorHandler::handleError() - CORE/src/Error/BaseErrorHandler.php, line 147
Cake\View\Helper\PaginatorHelper::counter() - CORE/src/View/Helper/PaginatorHelper.php, line 593
include - APP/Template/Bookmarks/index.ctp, line 47
Cake\View\View::_evaluate() - CORE/src/View/View.php, line 992
Cake\View\View::_render() - CORE/src/View/View.php, line 952
Cake\View\View::render() - CORE/src/View/View.php, line 587
Cake\Controller\Controller::render() - CORE/src/Controller/Controller.php, line 612
Cake\Routing\Dispatcher::_invoke() - CORE/src/Routing/Dispatcher.php, line 120
Cake\Routing\Dispatcher::dispatch() - CORE/src/Routing/Dispatcher.php, line 87
[main] - ROOT/webroot/index.php, line 37



2016-02-03 21:08:20 Notice: Notice (8): Undefined index: perPage in [/var/www/vendor/cakephp/cakephp/src/View/Helper/PaginatorHelper.php, line 596]
Trace:
Cake\Error\BaseErrorHandler::handleError() - CORE/src/Error/BaseErrorHandler.php, line 147
Cake\View\Helper\PaginatorHelper::counter() - CORE/src/View/Helper/PaginatorHelper.php, line 596
include - APP/Template/Bookmarks/index.ctp, line 47
Cake\View\View::_evaluate() - CORE/src/View/View.php, line 992
Cake\View\View::_render() - CORE/src/View/View.php, line 952
Cake\View\View::render() - CORE/src/View/View.php, line 587
Cake\Controller\Controller::render() - CORE/src/Controller/Controller.php, line 612
Cake\Routing\Dispatcher::_invoke() - CORE/src/Routing/Dispatcher.php, line 120
Cake\Routing\Dispatcher::dispatch() - CORE/src/Routing/Dispatcher.php, line 87
[main] - ROOT/webroot/index.php, line 37



2016-02-03 21:08:20 Notice: Notice (8): Undefined index: count in [/var/www/vendor/cakephp/cakephp/src/View/Helper/PaginatorHelper.php, line 597]
Trace:
Cake\Error\BaseErrorHandler::handleError() - CORE/src/Error/BaseErrorHandler.php, line 147
Cake\View\Helper\PaginatorHelper::counter() - CORE/src/View/Helper/PaginatorHelper.php, line 597
include - APP/Template/Bookmarks/index.ctp, line 47
Cake\View\View::_evaluate() - CORE/src/View/View.php, line 992
Cake\View\View::_render() - CORE/src/View/View.php, line 952
Cake\View\View::render() - CORE/src/View/View.php, line 587
Cake\Controller\Controller::render() - CORE/src/Controller/Controller.php, line 612
Cake\Routing\Dispatcher::_invoke() - CORE/src/Routing/Dispatcher.php, line 120
Cake\Routing\Dispatcher::dispatch() - CORE/src/Routing/Dispatcher.php, line 87
[main] - ROOT/webroot/index.php, line 37



2016-02-03 21:08:20 Notice: Notice (8): Undefined index: count in [/var/www/vendor/cakephp/cakephp/src/View/Helper/PaginatorHelper.php, line 598]
Trace:
Cake\Error\BaseErrorHandler::handleError() - CORE/src/Error/BaseErrorHandler.php, line 147
Cake\View\Helper\PaginatorHelper::counter() - CORE/src/View/Helper/PaginatorHelper.php, line 598
include - APP/Template/Bookmarks/index.ctp, line 47
Cake\View\View::_evaluate() - CORE/src/View/View.php, line 992
Cake\View\View::_render() - CORE/src/View/View.php, line 952
Cake\View\View::render() - CORE/src/View/View.php, line 587
Cake\Controller\Controller::render() - CORE/src/Controller/Controller.php, line 612
Cake\Routing\Dispatcher::_invoke() - CORE/src/Routing/Dispatcher.php, line 120
Cake\Routing\Dispatcher::dispatch() - CORE/src/Routing/Dispatcher.php, line 87
[main] - ROOT/webroot/index.php, line 37



2016-02-03 21:08:20 Notice: Notice (8): Undefined index: page in [/var/www/vendor/cakephp/cakephp/src/View/Helper/PaginatorHelper.php, line 611]
Trace:
Cake\Error\BaseErrorHandler::handleError() - CORE/src/Error/BaseErrorHandler.php, line 147
Cake\View\Helper\PaginatorHelper::counter() - CORE/src/View/Helper/PaginatorHelper.php, line 611
include - APP/Template/Bookmarks/index.ctp, line 47
Cake\View\View::_evaluate() - CORE/src/View/View.php, line 992
Cake\View\View::_render() - CORE/src/View/View.php, line 952
Cake\View\View::render() - CORE/src/View/View.php, line 587
Cake\Controller\Controller::render() - CORE/src/Controller/Controller.php, line 612
Cake\Routing\Dispatcher::_invoke() - CORE/src/Routing/Dispatcher.php, line 120
Cake\Routing\Dispatcher::dispatch() - CORE/src/Routing/Dispatcher.php, line 87
[main] - ROOT/webroot/index.php, line 37



2016-02-03 21:08:20 Notice: Notice (8): Undefined index: current in [/var/www/vendor/cakephp/cakephp/src/View/Helper/PaginatorHelper.php, line 613]
Trace:
Cake\Error\BaseErrorHandler::handleError() - CORE/src/Error/BaseErrorHandler.php, line 147
Cake\View\Helper\PaginatorHelper::counter() - CORE/src/View/Helper/PaginatorHelper.php, line 613
include - APP/Template/Bookmarks/index.ctp, line 47
Cake\View\View::_evaluate() - CORE/src/View/View.php, line 992
Cake\View\View::_render() - CORE/src/View/View.php, line 952
Cake\View\View::render() - CORE/src/View/View.php, line 587
Cake\Controller\Controller::render() - CORE/src/Controller/Controller.php, line 612
Cake\Routing\Dispatcher::_invoke() - CORE/src/Routing/Dispatcher.php, line 120
Cake\Routing\Dispatcher::dispatch() - CORE/src/Routing/Dispatcher.php, line 87
[main] - ROOT/webroot/index.php, line 37



2016-02-03 21:08:20 Notice: Notice (8): Undefined index: count in [/var/www/vendor/cakephp/cakephp/src/View/Helper/PaginatorHelper.php, line 614]
Trace:
Cake\Error\BaseErrorHandler::handleError() - CORE/src/Error/BaseErrorHandler.php, line 147
Cake\View\Helper\PaginatorHelper::counter() - CORE/src/View/Helper/PaginatorHelper.php, line 614
include - APP/Template/Bookmarks/index.ctp, line 47
Cake\View\View::_evaluate() - CORE/src/View/View.php, line 992
Cake\View\View::_render() - CORE/src/View/View.php, line 952
Cake\View\View::render() - CORE/src/View/View.php, line 587
Cake\Controller\Controller::render() - CORE/src/Controller/Controller.php, line 612
Cake\Routing\Dispatcher::_invoke() - CORE/src/Routing/Dispatcher.php, line 120
Cake\Routing\Dispatcher::dispatch() - CORE/src/Routing/Dispatcher.php, line 87
[main] - ROOT/webroot/index.php, line 37



2016-02-03 21:08:38 Notice: Notice (8): Undefined variable: bookmarks in [/var/www/src/Template/Bookmarks/index.ctp, line 25]
Trace:
Cake\Error\BaseErrorHandler::handleError() - CORE/src/Error/BaseErrorHandler.php, line 147
include - APP/Template/Bookmarks/index.ctp, line 25
Cake\View\View::_evaluate() - CORE/src/View/View.php, line 992
Cake\View\View::_render() - CORE/src/View/View.php, line 952
Cake\View\View::render() - CORE/src/View/View.php, line 587
Cake\Controller\Controller::render() - CORE/src/Controller/Controller.php, line 612
Cake\Routing\Dispatcher::_invoke() - CORE/src/Routing/Dispatcher.php, line 120
Cake\Routing\Dispatcher::dispatch() - CORE/src/Routing/Dispatcher.php, line 87
[main] - ROOT/webroot/index.php, line 37



2016-02-03 21:08:38 Notice: Notice (8): Undefined index: pageCount in [/var/www/vendor/cakephp/cakephp/src/View/Helper/PaginatorHelper.php, line 670]
Trace:
Cake\Error\BaseErrorHandler::handleError() - CORE/src/Error/BaseErrorHandler.php, line 147
Cake\View\Helper\PaginatorHelper::numbers() - CORE/src/View/Helper/PaginatorHelper.php, line 670
include - APP/Template/Bookmarks/index.ctp, line 44
Cake\View\View::_evaluate() - CORE/src/View/View.php, line 992
Cake\View\View::_render() - CORE/src/View/View.php, line 952
Cake\View\View::render() - CORE/src/View/View.php, line 587
Cake\Controller\Controller::render() - CORE/src/Controller/Controller.php, line 612
Cake\Routing\Dispatcher::_invoke() - CORE/src/Routing/Dispatcher.php, line 120
Cake\Routing\Dispatcher::dispatch() - CORE/src/Routing/Dispatcher.php, line 87
[main] - ROOT/webroot/index.php, line 37



2016-02-03 21:08:38 Notice: Notice (8): Undefined index: pageCount in [/var/www/vendor/cakephp/cakephp/src/View/Helper/PaginatorHelper.php, line 589]
Trace:
Cake\Error\BaseErrorHandler::handleError() - CORE/src/Error/BaseErrorHandler.php, line 147
Cake\View\Helper\PaginatorHelper::counter() - CORE/src/View/Helper/PaginatorHelper.php, line 589
include - APP/Template/Bookmarks/index.ctp, line 47
Cake\View\View::_evaluate() - CORE/src/View/View.php, line 992
Cake\View\View::_render() - CORE/src/View/View.php, line 952
Cake\View\View::render() - CORE/src/View/View.php, line 587
Cake\Controller\Controller::render() - CORE/src/Controller/Controller.php, line 612
Cake\Routing\Dispatcher::_invoke() - CORE/src/Routing/Dispatcher.php, line 120
Cake\Routing\Dispatcher::dispatch() - CORE/src/Routing/Dispatcher.php, line 87
[main] - ROOT/webroot/index.php, line 37



2016-02-03 21:08:38 Notice: Notice (8): Undefined index: count in [/var/www/vendor/cakephp/cakephp/src/View/Helper/PaginatorHelper.php, line 593]
Trace:
Cake\Error\BaseErrorHandler::handleError() - CORE/src/Error/BaseErrorHandler.php, line 147
Cake\View\Helper\PaginatorHelper::counter() - CORE/src/View/Helper/PaginatorHelper.php, line 593
include - APP/Template/Bookmarks/index.ctp, line 47
Cake\View\View::_evaluate() - CORE/src/View/View.php, line 992
Cake\View\View::_render() - CORE/src/View/View.php, line 952
Cake\View\View::render() - CORE/src/View/View.php, line 587
Cake\Controller\Controller::render() - CORE/src/Controller/Controller.php, line 612
Cake\Routing\Dispatcher::_invoke() - CORE/src/Routing/Dispatcher.php, line 120
Cake\Routing\Dispatcher::dispatch() - CORE/src/Routing/Dispatcher.php, line 87
[main] - ROOT/webroot/index.php, line 37



2016-02-03 21:08:38 Notice: Notice (8): Undefined index: perPage in [/var/www/vendor/cakephp/cakephp/src/View/Helper/PaginatorHelper.php, line 596]
Trace:
Cake\Error\BaseErrorHandler::handleError() - CORE/src/Error/BaseErrorHandler.php, line 147
Cake\View\Helper\PaginatorHelper::counter() - CORE/src/View/Helper/PaginatorHelper.php, line 596
include - APP/Template/Bookmarks/index.ctp, line 47
Cake\View\View::_evaluate() - CORE/src/View/View.php, line 992
Cake\View\View::_render() - CORE/src/View/View.php, line 952
Cake\View\View::render() - CORE/src/View/View.php, line 587
Cake\Controller\Controller::render() - CORE/src/Controller/Controller.php, line 612
Cake\Routing\Dispatcher::_invoke() - CORE/src/Routing/Dispatcher.php, line 120
Cake\Routing\Dispatcher::dispatch() - CORE/src/Routing/Dispatcher.php, line 87
[main] - ROOT/webroot/index.php, line 37



2016-02-03 21:08:38 Notice: Notice (8): Undefined index: count in [/var/www/vendor/cakephp/cakephp/src/View/Helper/PaginatorHelper.php, line 597]
Trace:
Cake\Error\BaseErrorHandler::handleError() - CORE/src/Error/BaseErrorHandler.php, line 147
Cake\View\Helper\PaginatorHelper::counter() - CORE/src/View/Helper/PaginatorHelper.php, line 597
include - APP/Template/Bookmarks/index.ctp, line 47
Cake\View\View::_evaluate() - CORE/src/View/View.php, line 992
Cake\View\View::_render() - CORE/src/View/View.php, line 952
Cake\View\View::render() - CORE/src/View/View.php, line 587
Cake\Controller\Controller::render() - CORE/src/Controller/Controller.php, line 612
Cake\Routing\Dispatcher::_invoke() - CORE/src/Routing/Dispatcher.php, line 120
Cake\Routing\Dispatcher::dispatch() - CORE/src/Routing/Dispatcher.php, line 87
[main] - ROOT/webroot/index.php, line 37



2016-02-03 21:08:38 Notice: Notice (8): Undefined index: count in [/var/www/vendor/cakephp/cakephp/src/View/Helper/PaginatorHelper.php, line 598]
Trace:
Cake\Error\BaseErrorHandler::handleError() - CORE/src/Error/BaseErrorHandler.php, line 147
Cake\View\Helper\PaginatorHelper::counter() - CORE/src/View/Helper/PaginatorHelper.php, line 598
include - APP/Template/Bookmarks/index.ctp, line 47
Cake\View\View::_evaluate() - CORE/src/View/View.php, line 992
Cake\View\View::_render() - CORE/src/View/View.php, line 952
Cake\View\View::render() - CORE/src/View/View.php, line 587
Cake\Controller\Controller::render() - CORE/src/Controller/Controller.php, line 612
Cake\Routing\Dispatcher::_invoke() - CORE/src/Routing/Dispatcher.php, line 120
Cake\Routing\Dispatcher::dispatch() - CORE/src/Routing/Dispatcher.php, line 87
[main] - ROOT/webroot/index.php, line 37



2016-02-03 21:08:38 Notice: Notice (8): Undefined index: page in [/var/www/vendor/cakephp/cakephp/src/View/Helper/PaginatorHelper.php, line 611]
Trace:
Cake\Error\BaseErrorHandler::handleError() - CORE/src/Error/BaseErrorHandler.php, line 147
Cake\View\Helper\PaginatorHelper::counter() - CORE/src/View/Helper/PaginatorHelper.php, line 611
include - APP/Template/Bookmarks/index.ctp, line 47
Cake\View\View::_evaluate() - CORE/src/View/View.php, line 992
Cake\View\View::_render() - CORE/src/View/View.php, line 952
Cake\View\View::render() - CORE/src/View/View.php, line 587
Cake\Controller\Controller::render() - CORE/src/Controller/Controller.php, line 612
Cake\Routing\Dispatcher::_invoke() - CORE/src/Routing/Dispatcher.php, line 120
Cake\Routing\Dispatcher::dispatch() - CORE/src/Routing/Dispatcher.php, line 87
[main] - ROOT/webroot/index.php, line 37



2016-02-03 21:08:38 Notice: Notice (8): Undefined index: current in [/var/www/vendor/cakephp/cakephp/src/View/Helper/PaginatorHelper.php, line 613]
Trace:
Cake\Error\BaseErrorHandler::handleError() - CORE/src/Error/BaseErrorHandler.php, line 147
Cake\View\Helper\PaginatorHelper::counter() - CORE/src/View/Helper/PaginatorHelper.php, line 613
include - APP/Template/Bookmarks/index.ctp, line 47
Cake\View\View::_evaluate() - CORE/src/View/View.php, line 992
Cake\View\View::_render() - CORE/src/View/View.php, line 952
Cake\View\View::render() - CORE/src/View/View.php, line 587
Cake\Controller\Controller::render() - CORE/src/Controller/Controller.php, line 612
Cake\Routing\Dispatcher::_invoke() - CORE/src/Routing/Dispatcher.php, line 120
Cake\Routing\Dispatcher::dispatch() - CORE/src/Routing/Dispatcher.php, line 87
[main] - ROOT/webroot/index.php, line 37



2016-02-03 21:08:38 Notice: Notice (8): Undefined index: count in [/var/www/vendor/cakephp/cakephp/src/View/Helper/PaginatorHelper.php, line 614]
Trace:
Cake\Error\BaseErrorHandler::handleError() - CORE/src/Error/BaseErrorHandler.php, line 147
Cake\View\Helper\PaginatorHelper::counter() - CORE/src/View/Helper/PaginatorHelper.php, line 614
include - APP/Template/Bookmarks/index.ctp, line 47
Cake\View\View::_evaluate() - CORE/src/View/View.php, line 992
Cake\View\View::_render() - CORE/src/View/View.php, line 952
Cake\View\View::render() - CORE/src/View/View.php, line 587
Cake\Controller\Controller::render() - CORE/src/Controller/Controller.php, line 612
Cake\Routing\Dispatcher::_invoke() - CORE/src/Routing/Dispatcher.php, line 120
Cake\Routing\Dispatcher::dispatch() - CORE/src/Routing/Dispatcher.php, line 87
[main] - ROOT/webroot/index.php, line 37



